build/app/intermediates/manifest_merge_blame_file/debug/manifest-merger-blame-debug-report.txt
1<?xml version="1.0" encoding="utf-8"?>
2<manifest xmlns:android="http://schemas.android.com/apk/res/android"
3    package="com.u6amtech.flutter_sixvalley_ecom"
4    android:targetSandboxVersion="1"
5    android:versionCode="2"
6    android:versionName="1.0.1" >
7
8    <uses-sdk
9        android:minSdkVersion="21"
10        android:targetSdkVersion="32" />
11    <!--
12         Flutter needs it to communicate with the running application
13         to allow setting breakpoints, to provide hot reload, etc.
14    -->
15    <uses-permission android:name="android.permission.INTERNET" />
15-->src\main\AndroidManifest.xml:5:5-66
15-->src\main\AndroidManifest.xml:5:22-64
16    <uses-permission android:name="android.permission.WAKE_LOCK" />
16-->src\main\AndroidManifest.xml:6:5-68
16-->src\main\AndroidManifest.xml:6:22-65
17    <uses-permission android:name="android.permission.ACCESS_WIFI_STATE" />
17-->src\main\AndroidManifest.xml:7:5-76
17-->src\main\AndroidManifest.xml:7:22-73
18    <uses-permission android:name="android.permission.ACCESS_NETWORK_STATE" />
18-->src\main\AndroidManifest.xml:8:5-79
18-->src\main\AndroidManifest.xml:8:22-76
19    <uses-permission android:name="android.permission.READ_EXTERNAL_STORAGE" />
19-->src\main\AndroidManifest.xml:9:5-80
19-->src\main\AndroidManifest.xml:9:22-77
20    <uses-permission android:name="android.permission.WRITE_EXTERNAL_STORAGE" />
20-->src\main\AndroidManifest.xml:10:5-81
20-->src\main\AndroidManifest.xml:10:22-78
21    <uses-permission android:name="android.permission.BLUETOOTH" />
21-->src\main\AndroidManifest.xml:11:5-68
21-->src\main\AndroidManifest.xml:11:22-65
22    <uses-permission android:name="android.permission.BLUETOOTH_ADMIN" />
22-->src\main\AndroidManifest.xml:12:5-74
22-->src\main\AndroidManifest.xml:12:22-71
23    <uses-permission android:name="android.permission.ACCESS_COARSE_LOCATION" />
23-->src\main\AndroidManifest.xml:13:5-80
23-->src\main\AndroidManifest.xml:13:22-78
24
25    <queries>
25-->src\main\AndroidManifest.xml:15:5-29:15
26        <intent>
26-->src\main\AndroidManifest.xml:16:9-19:18
27            <action android:name="android.intent.action.VIEW" />
27-->src\main\AndroidManifest.xml:17:13-65
27-->src\main\AndroidManifest.xml:17:21-62
28
29            <data android:scheme="https" />
29-->src\main\AndroidManifest.xml:18:13-44
29-->src\main\AndroidManifest.xml:18:19-41
30        </intent>
31        <intent>
31-->src\main\AndroidManifest.xml:20:9-23:18
32            <action android:name="android.intent.action.DIAL" />
32-->src\main\AndroidManifest.xml:21:13-65
32-->src\main\AndroidManifest.xml:21:21-62
33
34            <data android:scheme="tel" />
34-->src\main\AndroidManifest.xml:18:13-44
34-->src\main\AndroidManifest.xml:18:19-41
35        </intent>
36        <intent>
36-->src\main\AndroidManifest.xml:24:9-27:18
37            <action android:name="android.intent.action.SEND" />
37-->src\main\AndroidManifest.xml:25:13-65
37-->src\main\AndroidManifest.xml:25:21-62
38
39            <data android:mimeType="*/*" />
39-->src\main\AndroidManifest.xml:18:13-44
40        </intent>
41
42        <provider android:authorities="com.facebook.katana.provider.PlatformProvider" />
42-->src\main\AndroidManifest.xml:28:9-89
42-->src\main\AndroidManifest.xml:28:19-86
43
44        <intent>
44-->[:flutter_inappwebview] AndroidManifest.xml:10:9-12:18
45            <action android:name="android.support.customtabs.action.CustomTabsService" />
45-->[:flutter_inappwebview] AndroidManifest.xml:11:13-90
45-->[:flutter_inappwebview] AndroidManifest.xml:11:21-87
46        </intent>
47        <intent>
47-->[:flutter_downloader] AndroidManifest.xml:11:9-13:18
48            <action android:name="android.intent.action.VIEW" />
48-->src\main\AndroidManifest.xml:17:13-65
48-->src\main\AndroidManifest.xml:17:21-62
49        </intent>
50
51        <package android:name="com.facebook.katana" /> <!-- Needs to be explicitly declared on Android R+ -->
51-->[com.facebook.android:facebook-common:14.1.1] AndroidManifest.xml:30:9-55
51-->[com.facebook.android:facebook-common:14.1.1] AndroidManifest.xml:30:18-52
52        <package android:name="com.google.android.apps.maps" />
52-->[com.google.android.gms:play-services-maps:18.2.0] AndroidManifest.xml:33:9-64
52-->[com.google.android.gms:play-services-maps:18.2.0] AndroidManifest.xml:33:18-61
53
54        <intent>
54-->[androidx.media2:media2-session:1.2.1] AndroidManifest.xml:25:9-27:18
55            <action android:name="android.media.browse.MediaBrowserService" />
55-->[androidx.media2:media2-session:1.2.1] AndroidManifest.xml:26:13-79
55-->[androidx.media2:media2-session:1.2.1] AndroidManifest.xml:26:21-76
56        </intent>
57        <intent>
57-->[androidx.media2:media2-session:1.2.1] AndroidManifest.xml:28:9-30:18
58            <action android:name="androidx.media2.session.MediaSessionService" />
58-->[androidx.media2:media2-session:1.2.1] AndroidManifest.xml:29:13-82
58-->[androidx.media2:media2-session:1.2.1] AndroidManifest.xml:29:21-79
59        </intent>
60        <intent>
60-->[androidx.media2:media2-session:1.2.1] AndroidManifest.xml:31:9-33:18
61            <action android:name="androidx.media2.session.MediaLibraryService" />
61-->[androidx.media2:media2-session:1.2.1] AndroidManifest.xml:32:13-82
61-->[androidx.media2:media2-session:1.2.1] AndroidManifest.xml:32:21-79
62        </intent>
63    </queries> <!-- Permissions options for the `notification` group -->
64    <uses-permission android:name="android.permission.POST_NOTIFICATIONS" />
64-->[:firebase_messaging] AndroidManifest.xml:13:5-77
64-->[:firebase_messaging] AndroidManifest.xml:13:22-74
65    <uses-permission android:name="android.permission.FOREGROUND_SERVICE" />
65-->[:geolocator_android] AndroidManifest.xml:9:5-77
65-->[:geolocator_android] AndroidManifest.xml:9:22-74
66    <uses-permission android:name="android.permission.RECEIVE_BOOT_COMPLETED" />
66-->[:flutter_local_notifications] AndroidManifest.xml:9:5-81
66-->[:flutter_local_notifications] AndroidManifest.xml:9:22-78
67    <uses-permission android:name="android.permission.VIBRATE" />
67-->[:flutter_local_notifications] AndroidManifest.xml:10:5-66
67-->[:flutter_local_notifications] AndroidManifest.xml:10:22-63
68    <uses-permission android:name="android.permission.USE_FULL_SCREEN_INTENT" />
68-->[:flutter_local_notifications] AndroidManifest.xml:11:5-81
68-->[:flutter_local_notifications] AndroidManifest.xml:11:22-78
69    <uses-permission android:name="android.permission.SCHEDULE_EXACT_ALARM" /> <!-- Required by older versions of Google Play services to create IID tokens -->
69-->[:flutter_local_notifications] AndroidManifest.xml:12:5-79
69-->[:flutter_local_notifications] AndroidManifest.xml:12:22-76
70    <uses-permission android:name="com.google.android.c2dm.permission.RECEIVE" />
70-->[com.google.firebase:firebase-iid:21.1.0] AndroidManifest.xml:26:5-82
70-->[com.google.firebase:firebase-iid:21.1.0] AndroidManifest.xml:26:22-79
71
72    <uses-feature
72-->[com.google.android.gms:play-services-maps:18.2.0] AndroidManifest.xml:26:5-28:35
73        android:glEsVersion="0x00020000"
73-->[com.google.android.gms:play-services-maps:18.2.0] AndroidManifest.xml:27:9-41
74        android:required="true" />
74-->[com.google.android.gms:play-services-maps:18.2.0] AndroidManifest.xml:28:9-32
75
76    <uses-permission android:name="com.google.android.gms.permission.AD_ID" />
76-->[com.facebook.android:facebook-core:14.1.1] AndroidManifest.xml:28:5-79
76-->[com.facebook.android:facebook-core:14.1.1] AndroidManifest.xml:28:22-76
77
78    <permission
78-->[androidx.core:core:1.10.1] AndroidManifest.xml:22:5-24:47
79        android:name="com.u6amtech.flutter_sixvalley_ecom.DYNAMIC_RECEIVER_NOT_EXPORTED_PERMISSION"
79-->[androidx.core:core:1.10.1] AndroidManifest.xml:23:9-81
80        android:protectionLevel="signature" />
80-->[androidx.core:core:1.10.1] AndroidManifest.xml:24:9-44
81
82    <uses-permission android:name="com.u6amtech.flutter_sixvalley_ecom.DYNAMIC_RECEIVER_NOT_EXPORTED_PERMISSION" />
82-->[androidx.core:core:1.10.1] AndroidManifest.xml:26:5-97
82-->[androidx.core:core:1.10.1] AndroidManifest.xml:26:22-94
83    <uses-permission android:name="com.google.android.finsky.permission.BIND_GET_INSTALL_REFERRER_SERVICE" />
83-->[com.android.installreferrer:installreferrer:1.0] AndroidManifest.xml:9:5-110
83-->[com.android.installreferrer:installreferrer:1.0] AndroidManifest.xml:9:22-107
84
85    <application
85-->src\main\AndroidManifest.xml:31:5-109:19
86        android:appComponentFactory="androidx.core.app.CoreComponentFactory"
86-->[androidx.core:core:1.10.1] AndroidManifest.xml:28:18-86
87        android:debuggable="true"
88        android:icon="@mipmap/ic_launcher"
88-->src\main\AndroidManifest.xml:36:9-43
89        android:label="6Valley"
89-->src\main\AndroidManifest.xml:32:9-32
90        android:networkSecurityConfig="@xml/network_security_config"
90-->src\main\AndroidManifest.xml:35:9-69
91        android:requestLegacyExternalStorage="true"
91-->src\main\AndroidManifest.xml:33:9-52
92        android:supportsRtl="true"
92-->[com.facebook.android:facebook-login:14.1.1] AndroidManifest.xml:28:18-44
93        android:usesCleartextTraffic="true" >
93-->src\main\AndroidManifest.xml:34:9-44
94        <meta-data
94-->src\main\AndroidManifest.xml:38:9-40:71
95            android:name="com.google.android.geo.API_KEY"
95-->src\main\AndroidManifest.xml:39:13-58
96            android:value="AIzaSyCcr56ZxhkvdYntPYfiUmPruGo8kt4eqWk" />
96-->src\main\AndroidManifest.xml:40:13-68
97
98        <activity
98-->src\main\AndroidManifest.xml:42:9-68:20
99            android:name="com.u6amtech.flutter_sixvalley_ecom.MainActivity"
99-->src\main\AndroidManifest.xml:43:13-41
100            android:configChanges="orientation|keyboardHidden|keyboard|screenSize|smallestScreenSize|locale|layoutDirection|fontScale|screenLayout|density|uiMode"
100-->src\main\AndroidManifest.xml:47:13-163
101            android:exported="true"
101-->src\main\AndroidManifest.xml:44:13-38
102            android:hardwareAccelerated="true"
102-->src\main\AndroidManifest.xml:48:13-47
103            android:launchMode="singleTop"
103-->src\main\AndroidManifest.xml:45:13-43
104            android:theme="@style/LaunchTheme"
104-->src\main\AndroidManifest.xml:46:13-47
105            android:windowSoftInputMode="adjustResize" >
105-->src\main\AndroidManifest.xml:49:13-55
106            <meta-data
106-->src\main\AndroidManifest.xml:51:13-54:17
107                android:name="io.flutter.embedding.android.NormalTheme"
107-->src\main\AndroidManifest.xml:52:15-70
108                android:resource="@style/NormalTheme" />
108-->src\main\AndroidManifest.xml:53:15-52
109            <meta-data
109-->src\main\AndroidManifest.xml:56:13-59:17
110                android:name="io.flutter.embedding.android.SplashScreenDrawable"
110-->src\main\AndroidManifest.xml:57:15-79
111                android:resource="@drawable/launch_background" />
111-->src\main\AndroidManifest.xml:58:15-61
112
113            <intent-filter>
113-->src\main\AndroidManifest.xml:60:13-63:29
114                <action android:name="android.intent.action.MAIN" />
114-->src\main\AndroidManifest.xml:61:17-68
114-->src\main\AndroidManifest.xml:61:25-66
115
116                <category android:name="android.intent.category.LAUNCHER" />
116-->src\main\AndroidManifest.xml:62:17-76
116-->src\main\AndroidManifest.xml:62:27-74
117            </intent-filter>
118            <intent-filter>
118-->src\main\AndroidManifest.xml:64:13-67:29
119                <action android:name="FLUTTER_NOTIFICATION_CLICK" />
119-->src\main\AndroidManifest.xml:65:17-69
119-->src\main\AndroidManifest.xml:65:25-66
120
121                <category android:name="android.intent.category.DEFAULT" />
121-->src\main\AndroidManifest.xml:66:17-76
121-->src\main\AndroidManifest.xml:66:27-73
122            </intent-filter>
123        </activity>
124
125        <meta-data
125-->src\main\AndroidManifest.xml:70:9-72:33
126            android:name="flutterEmbedding"
126-->src\main\AndroidManifest.xml:71:13-44
127            android:value="2" />
127-->src\main\AndroidManifest.xml:72:13-30
128        <meta-data
128-->src\main\AndroidManifest.xml:73:9-74:54
129            android:name="com.facebook.sdk.ApplicationId"
129-->src\main\AndroidManifest.xml:73:20-65
130            android:value="@string/facebook_app_id" />
130-->src\main\AndroidManifest.xml:74:13-52
131
132        <activity
132-->src\main\AndroidManifest.xml:76:9-80:40
133            android:name="com.facebook.FacebookActivity"
133-->src\main\AndroidManifest.xml:76:19-63
134            android:configChanges="keyboard|keyboardHidden|screenLayout|screenSize|orientation"
134-->src\main\AndroidManifest.xml:77:13-113
135            android:exported="true"
135-->src\main\AndroidManifest.xml:80:13-38
136            android:label="@string/app_name"
136-->src\main\AndroidManifest.xml:79:13-45
137            android:theme="@style/com_facebook_activity_theme" />
137-->[com.facebook.android:facebook-common:14.1.1] AndroidManifest.xml:37:13-63
138        <activity
138-->src\main\AndroidManifest.xml:81:9-90:20
139            android:name="com.facebook.CustomTabActivity"
139-->src\main\AndroidManifest.xml:82:13-58
140            android:exported="true" >
140-->src\main\AndroidManifest.xml:83:13-36
141            <intent-filter>
141-->src\main\AndroidManifest.xml:84:13-89:29
142                <action android:name="android.intent.action.VIEW" />
142-->src\main\AndroidManifest.xml:17:13-65
142-->src\main\AndroidManifest.xml:17:21-62
143
144                <category android:name="android.intent.category.DEFAULT" />
144-->src\main\AndroidManifest.xml:66:17-76
144-->src\main\AndroidManifest.xml:66:27-73
145                <category android:name="android.intent.category.BROWSABLE" />
145-->src\main\AndroidManifest.xml:87:17-78
145-->src\main\AndroidManifest.xml:87:27-75
146
147                <data android:scheme="@string/fb_login_protocol_scheme" />
147-->src\main\AndroidManifest.xml:18:13-44
147-->src\main\AndroidManifest.xml:18:19-41
148            </intent-filter>
149            <intent-filter>
149-->[com.facebook.android:facebook-common:14.1.1] AndroidManifest.xml:43:13-52:29
150                <action android:name="android.intent.action.VIEW" />
150-->src\main\AndroidManifest.xml:17:13-65
150-->src\main\AndroidManifest.xml:17:21-62
151
152                <category android:name="android.intent.category.DEFAULT" />
152-->src\main\AndroidManifest.xml:66:17-76
152-->src\main\AndroidManifest.xml:66:27-73
153                <category android:name="android.intent.category.BROWSABLE" />
153-->src\main\AndroidManifest.xml:87:17-78
153-->src\main\AndroidManifest.xml:87:27-75
154
155                <data
155-->src\main\AndroidManifest.xml:18:13-44
156                    android:host="cct.com.u6amtech.flutter_sixvalley_ecom"
157                    android:scheme="fbconnect" />
157-->src\main\AndroidManifest.xml:18:19-41
158            </intent-filter>
159        </activity>
160
161        <meta-data
161-->src\main\AndroidManifest.xml:73:9-74:54
162            android:name="com.facebook.sdk.ApplicationId"
162-->src\main\AndroidManifest.xml:73:20-65
163            android:value="@string/facebook_app_id" />
163-->src\main\AndroidManifest.xml:74:13-52
164        <meta-data
164-->src\main\AndroidManifest.xml:95:9-97:60
165            android:name="com.facebook.sdk.ClientToken"
165-->src\main\AndroidManifest.xml:96:13-56
166            android:value="@string/facebook_client_token" />
166-->src\main\AndroidManifest.xml:97:13-58
167
168        <provider
169            android:name="vn.hunghd.flutterdownloader.DownloadedFileProvider"
170            android:authorities="com.u6amtech.flutter_sixvalley_ecom.flutter_downloader.provider"
171            android:exported="false"
172            android:grantUriPermissions="true" >
173            <meta-data
173-->[:share] AndroidManifest.xml:15:13-17:68
174                android:name="android.support.FILE_PROVIDER_PATHS"
174-->[:share] AndroidManifest.xml:16:17-67
175                android:resource="@xml/provider_paths" />
175-->[:share] AndroidManifest.xml:17:17-65
176        </provider>
177
178        <service
178-->[:firebase_messaging] AndroidManifest.xml:16:9-19:72
179            android:name="io.flutter.plugins.firebase.messaging.FlutterFirebaseMessagingBackgroundService"
179-->[:firebase_messaging] AndroidManifest.xml:17:13-107
180            android:exported="false"
180-->[:firebase_messaging] AndroidManifest.xml:18:13-37
181            android:permission="android.permission.BIND_JOB_SERVICE" />
181-->[:firebase_messaging] AndroidManifest.xml:19:13-69
182        <service
182-->[:firebase_messaging] AndroidManifest.xml:20:9-26:19
183            android:name="io.flutter.plugins.firebase.messaging.FlutterFirebaseMessagingService"
183-->[:firebase_messaging] AndroidManifest.xml:21:13-97
184            android:exported="false" >
184-->[:firebase_messaging] AndroidManifest.xml:22:13-37
185            <intent-filter>
185-->[:firebase_messaging] AndroidManifest.xml:23:13-25:29
186                <action android:name="com.google.firebase.MESSAGING_EVENT" />
186-->[:firebase_messaging] AndroidManifest.xml:24:17-78
186-->[:firebase_messaging] AndroidManifest.xml:24:25-75
187            </intent-filter>
188        </service>
189
190        <receiver
190-->[:firebase_messaging] AndroidManifest.xml:28:9-35:20
191            android:name="io.flutter.plugins.firebase.messaging.FlutterFirebaseMessagingReceiver"
191-->[:firebase_messaging] AndroidManifest.xml:29:13-98
192            android:exported="true"
192-->[:firebase_messaging] AndroidManifest.xml:30:13-36
193            android:permission="com.google.android.c2dm.permission.SEND" >
193-->[:firebase_messaging] AndroidManifest.xml:31:13-73
194            <intent-filter>
194-->[:firebase_messaging] AndroidManifest.xml:32:13-34:29
195                <action android:name="com.google.android.c2dm.intent.RECEIVE" />
195-->[:firebase_messaging] AndroidManifest.xml:33:17-81
195-->[:firebase_messaging] AndroidManifest.xml:33:25-78
196            </intent-filter>
197        </receiver>
198
199        <service
199-->[:firebase_messaging] AndroidManifest.xml:37:9-41:19
200            android:name="com.google.firebase.components.ComponentDiscoveryService"
200-->[:firebase_messaging] AndroidManifest.xml:37:18-89
201            android:directBootAware="true"
201-->[com.google.firebase:firebase-common:20.4.2] AndroidManifest.xml:32:13-43
202            android:exported="false" >
202-->[com.google.firebase:firebase-iid:21.1.0] AndroidManifest.xml:31:13-37
203            <meta-data
203-->[:firebase_messaging] AndroidManifest.xml:38:13-40:85
204                android:name="com.google.firebase.components:io.flutter.plugins.firebase.messaging.FlutterFirebaseAppRegistrar"
204-->[:firebase_messaging] AndroidManifest.xml:39:17-128
205                android:value="com.google.firebase.components.ComponentRegistrar" />
205-->[:firebase_messaging] AndroidManifest.xml:40:17-82
206            <meta-data
206-->[:firebase_core] AndroidManifest.xml:11:13-13:85
207                android:name="com.google.firebase.components:io.flutter.plugins.firebase.core.FlutterFirebaseCoreRegistrar"
207-->[:firebase_core] AndroidManifest.xml:12:17-124
208                android:value="com.google.firebase.components.ComponentRegistrar" />
208-->[:firebase_core] AndroidManifest.xml:13:17-82
209            <meta-data
209-->[com.google.firebase:firebase-iid:21.1.0] AndroidManifest.xml:32:13-34:85
210                android:name="com.google.firebase.components:com.google.firebase.iid.Registrar"
210-->[com.google.firebase:firebase-iid:21.1.0] AndroidManifest.xml:33:17-96
211                android:value="com.google.firebase.components.ComponentRegistrar" />
211-->[com.google.firebase:firebase-iid:21.1.0] AndroidManifest.xml:34:17-82
212            <meta-data
212-->[com.google.firebase:firebase-messaging:23.3.1] AndroidManifest.xml:57:13-59:85
213                android:name="com.google.firebase.components:com.google.firebase.messaging.FirebaseMessagingKtxRegistrar"
213-->[com.google.firebase:firebase-messaging:23.3.1] AndroidManifest.xml:58:17-122
214                android:value="com.google.firebase.components.ComponentRegistrar" />
214-->[com.google.firebase:firebase-messaging:23.3.1] AndroidManifest.xml:59:17-82
215            <meta-data
215-->[com.google.firebase:firebase-messaging:23.3.1] AndroidManifest.xml:60:13-62:85
216                android:name="com.google.firebase.components:com.google.firebase.messaging.FirebaseMessagingRegistrar"
216-->[com.google.firebase:firebase-messaging:23.3.1] AndroidManifest.xml:61:17-119
217                android:value="com.google.firebase.components.ComponentRegistrar" />
217-->[com.google.firebase:firebase-messaging:23.3.1] AndroidManifest.xml:62:17-82
218            <meta-data
218-->[com.google.firebase:firebase-installations:17.2.0] AndroidManifest.xml:15:13-17:85
219                android:name="com.google.firebase.components:com.google.firebase.installations.FirebaseInstallationsKtxRegistrar"
219-->[com.google.firebase:firebase-installations:17.2.0] AndroidManifest.xml:16:17-130
220                android:value="com.google.firebase.components.ComponentRegistrar" />
220-->[com.google.firebase:firebase-installations:17.2.0] AndroidManifest.xml:17:17-82
221            <meta-data
221-->[com.google.firebase:firebase-installations:17.2.0] AndroidManifest.xml:18:13-20:85
222                android:name="com.google.firebase.components:com.google.firebase.installations.FirebaseInstallationsRegistrar"
222-->[com.google.firebase:firebase-installations:17.2.0] AndroidManifest.xml:19:17-127
223                android:value="com.google.firebase.components.ComponentRegistrar" />
223-->[com.google.firebase:firebase-installations:17.2.0] AndroidManifest.xml:20:17-82
224            <meta-data
224-->[com.google.firebase:firebase-common-ktx:20.4.2] AndroidManifest.xml:12:13-14:85
225                android:name="com.google.firebase.components:com.google.firebase.ktx.FirebaseCommonLegacyRegistrar"
225-->[com.google.firebase:firebase-common-ktx:20.4.2] AndroidManifest.xml:13:17-116
226                android:value="com.google.firebase.components.ComponentRegistrar" />
226-->[com.google.firebase:firebase-common-ktx:20.4.2] AndroidManifest.xml:14:17-82
227            <meta-data
227-->[com.google.firebase:firebase-common:20.4.2] AndroidManifest.xml:35:13-37:85
228                android:name="com.google.firebase.components:com.google.firebase.FirebaseCommonKtxRegistrar"
228-->[com.google.firebase:firebase-common:20.4.2] AndroidManifest.xml:36:17-109
229                android:value="com.google.firebase.components.ComponentRegistrar" />
229-->[com.google.firebase:firebase-common:20.4.2] AndroidManifest.xml:37:17-82
230            <meta-data
230-->[com.google.firebase:firebase-datatransport:18.1.7] AndroidManifest.xml:27:13-29:85
231                android:name="com.google.firebase.components:com.google.firebase.datatransport.TransportRegistrar"
231-->[com.google.firebase:firebase-datatransport:18.1.7] AndroidManifest.xml:28:17-115
232                android:value="com.google.firebase.components.ComponentRegistrar" />
232-->[com.google.firebase:firebase-datatransport:18.1.7] AndroidManifest.xml:29:17-82
233        </service>
234
235        <provider
235-->[:firebase_messaging] AndroidManifest.xml:43:9-47:38
236            android:name="io.flutter.plugins.firebase.messaging.FlutterFirebaseMessagingInitProvider"
236-->[:firebase_messaging] AndroidManifest.xml:44:13-102
237            android:authorities="com.u6amtech.flutter_sixvalley_ecom.flutterfirebasemessaginginitprovider"
237-->[:firebase_messaging] AndroidManifest.xml:45:13-88
238            android:exported="false"
238-->[:firebase_messaging] AndroidManifest.xml:46:13-37
239            android:initOrder="99" />
239-->[:firebase_messaging] AndroidManifest.xml:47:13-35
240
241        <service
241-->[:geolocator_android] AndroidManifest.xml:12:9-16:56
242            android:name="com.baseflow.geolocator.GeolocatorLocationService"
242-->[:geolocator_android] AndroidManifest.xml:13:13-77
243            android:enabled="true"
243-->[:geolocator_android] AndroidManifest.xml:14:13-35
244            android:exported="false"
244-->[:geolocator_android] AndroidManifest.xml:15:13-37
245            android:foregroundServiceType="location" />
245-->[:geolocator_android] AndroidManifest.xml:16:13-53
246
247        <receiver
247-->[:flutter_local_notifications] AndroidManifest.xml:16:9-18:40
248            android:name="com.dexterous.flutterlocalnotifications.ScheduledNotificationReceiver"
248-->[:flutter_local_notifications] AndroidManifest.xml:17:13-97
249            android:exported="false" />
249-->[:flutter_local_notifications] AndroidManifest.xml:18:13-37
250        <receiver
250-->[:flutter_local_notifications] AndroidManifest.xml:19:9-28:20
251            android:name="com.dexterous.flutterlocalnotifications.ScheduledNotificationBootReceiver"
251-->[:flutter_local_notifications] AndroidManifest.xml:20:13-101
252            android:exported="false" >
252-->[:flutter_local_notifications] AndroidManifest.xml:21:13-37
253            <intent-filter>
253-->[:flutter_local_notifications] AndroidManifest.xml:22:13-27:29
254                <action android:name="android.intent.action.BOOT_COMPLETED" />
254-->[:flutter_local_notifications] AndroidManifest.xml:23:17-79
254-->[:flutter_local_notifications] AndroidManifest.xml:23:25-76
255                <action android:name="android.intent.action.MY_PACKAGE_REPLACED" />
255-->[:flutter_local_notifications] AndroidManifest.xml:24:17-84
255-->[:flutter_local_notifications] AndroidManifest.xml:24:25-81
256                <action android:name="android.intent.action.QUICKBOOT_POWERON" />
256-->[:flutter_local_notifications] AndroidManifest.xml:25:17-82
256-->[:flutter_local_notifications] AndroidManifest.xml:25:25-79
257                <action android:name="com.htc.intent.action.QUICKBOOT_POWERON" />
257-->[:flutter_local_notifications] AndroidManifest.xml:26:17-82
257-->[:flutter_local_notifications] AndroidManifest.xml:26:25-79
258            </intent-filter>
259        </receiver>
260
261        <activity
261-->[:flutter_inappwebview] AndroidManifest.xml:16:9-20:47
262            android:name="com.pichillilorenzo.flutter_inappwebview.in_app_browser.InAppBrowserActivity"
262-->[:flutter_inappwebview] AndroidManifest.xml:17:13-104
263            android:configChanges="orientation|keyboardHidden|keyboard|screenSize|locale|layoutDirection|fontScale|screenLayout|density"
263-->[:flutter_inappwebview] AndroidManifest.xml:18:13-137
264            android:exported="false"
264-->[:flutter_inappwebview] AndroidManifest.xml:19:13-37
265            android:theme="@style/AppTheme" />
265-->[:flutter_inappwebview] AndroidManifest.xml:20:13-44
266        <activity
266-->[:flutter_inappwebview] AndroidManifest.xml:21:9-24:55
267            android:name="com.pichillilorenzo.flutter_inappwebview.chrome_custom_tabs.ChromeCustomTabsActivity"
267-->[:flutter_inappwebview] AndroidManifest.xml:22:13-112
268            android:exported="false"
268-->[:flutter_inappwebview] AndroidManifest.xml:23:13-37
269            android:theme="@style/ThemeTransparent" />
269-->[:flutter_inappwebview] AndroidManifest.xml:24:13-52
270        <activity
270-->[:flutter_inappwebview] AndroidManifest.xml:25:9-28:55
271            android:name="com.pichillilorenzo.flutter_inappwebview.chrome_custom_tabs.TrustedWebActivity"
271-->[:flutter_inappwebview] AndroidManifest.xml:26:13-106
272            android:exported="false"
272-->[:flutter_inappwebview] AndroidManifest.xml:27:13-37
273            android:theme="@style/ThemeTransparent" />
273-->[:flutter_inappwebview] AndroidManifest.xml:28:13-52
274        <activity
274-->[:flutter_inappwebview] AndroidManifest.xml:29:9-33:55
275            android:name="com.pichillilorenzo.flutter_inappwebview.chrome_custom_tabs.ChromeCustomTabsActivitySingleInstance"
275-->[:flutter_inappwebview] AndroidManifest.xml:30:13-126
276            android:exported="false"
276-->[:flutter_inappwebview] AndroidManifest.xml:31:13-37
277            android:launchMode="singleInstance"
277-->[:flutter_inappwebview] AndroidManifest.xml:32:13-48
278            android:theme="@style/ThemeTransparent" />
278-->[:flutter_inappwebview] AndroidManifest.xml:33:13-52
279        <activity
279-->[:flutter_inappwebview] AndroidManifest.xml:34:9-38:55
280            android:name="com.pichillilorenzo.flutter_inappwebview.chrome_custom_tabs.TrustedWebActivitySingleInstance"
280-->[:flutter_inappwebview] AndroidManifest.xml:35:13-120
281            android:exported="false"
281-->[:flutter_inappwebview] AndroidManifest.xml:36:13-37
282            android:launchMode="singleInstance"
282-->[:flutter_inappwebview] AndroidManifest.xml:37:13-48
283            android:theme="@style/ThemeTransparent" />
283-->[:flutter_inappwebview] AndroidManifest.xml:38:13-52
284
285        <receiver
285-->[:flutter_inappwebview] AndroidManifest.xml:40:9-43:40
286            android:name="com.pichillilorenzo.flutter_inappwebview.chrome_custom_tabs.ActionBroadcastReceiver"
286-->[:flutter_inappwebview] AndroidManifest.xml:41:13-111
287            android:enabled="true"
287-->[:flutter_inappwebview] AndroidManifest.xml:42:13-35
288            android:exported="false" />
288-->[:flutter_inappwebview] AndroidManifest.xml:43:13-37
289
290        <meta-data
290-->[:flutter_inappwebview] AndroidManifest.xml:45:9-47:36
291            android:name="io.flutter.embedded_views_preview"
291-->[:flutter_inappwebview] AndroidManifest.xml:46:13-61
292            android:value="true" />
292-->[:flutter_inappwebview] AndroidManifest.xml:47:13-33
293
294        <provider
294-->[:share] AndroidManifest.xml:10:9-18:20